<?xml version="1.0" encoding="UTF-8"?>
<testsuite xmlns:xsi="http://www.w3.org/2001/XMLSchema-instance" xsi:noNamespaceSchemaLocation="https://maven.apache.org/surefire/maven-surefire-plugin/xsd/surefire-test-report-3.0.xsd" version="3.0" name="com.lab.library.service.BookServiceTest" time="0.288" tests="6" errors="0" skipped="0" failures="0">
  <properties>
[...]
</properties>
  <testcase name="returnBook_checkedOutBook_returnsTrue" classname="com.lab.library.service.BookServiceTest" time="0.137"/>
  <testcase name="checkOut_availableBook_returnsTrue" classname="com.lab.library.service.BookServiceTest" time="0.007"/>
  <testcase name="searchByTitle_nullQuery_returnsEmptyList" classname="com.lab.library.service.BookServiceTest" time="0.008"/>
  <testcase name="searchByTitle_matchingQuery_returnsResults" classname="com.lab.library.service.BookServiceTest" time="0.012"/>
  <testcase name="searchByTitle_noMatch_returnsEmpty" classname="com.lab.library.service.BookServiceTest" time="0.002"/>
  <testcase name="checkOut_alreadyCheckedOut_returnsFalse" classname="com.lab.library.service.BookServiceTest" time="0.003"/>
</testsuite>